# JRE version: Java(TM) SE Runtime Environment (8.0_321-b07) (build 1.8.0_321-b07)
# Java VM: Java HotSpot(TM) 64-Bit Server VM (25.321-b07 mixed mode windows-amd64 compressed oops)
Heap:
 PSYoungGen      total 205824K, used 123219K [0x000000076b800000, 0x00000007a7a80000, 0x00000007c0000000)
  eden space 205312K, 60% used [0x000000076b800000,0x000000077304cde8,0x0000000778080000)
  from space 512K, 6% used [0x00000007a7a00000,0x00000007a7a08000,0x00000007a7a80000)
  to   space 512K, 0% used [0x00000007a7980000,0x00000007a7980000,0x00000007a7a00000)
 ParOldGen       total 173568K, used 4311K [0x00000006c2800000, 0x00000006cd180000, 0x000000076b800000)
  object space 173568K, 2% used [0x00000006c2800000,0x00000006c2c35f50,0x00000006cd180000)
 Metaspace       used 4243K, capacity 4800K, committed 4864K, reserved 1056768K
  class space    used 456K, capacity 496K, committed 512K, reserved 1048576K
GC Heap History (10 events):
Event: 55.716 GC heap before
{Heap before GC invocations=550 (full 0):
 PSYoungGen      total 159744K, used 159264K [0x000000076b800000, 0x00000007a7a80000, 0x00000007c0000000)
  eden space 159232K, 100% used [0x000000076b800000,0x0000000775380000,0x0000000775380000)
  from space 512K, 6% used [0x00000007a7980000,0x00000007a7988000,0x00000007a7a00000)
  to   space 512K, 0% used [0x00000007a7a00000,0x00000007a7a00000,0x00000007a7a80000)
 ParOldGen       total 173568K, used 4311K [0x00000006c2800000, 0x00000006cd180000, 0x000000076b800000)
  object space 173568K, 2% used [0x00000006c2800000,0x00000006c2c35f50,0x00000006cd180000)
 Metaspace       used 4235K, capacity 4800K, committed 4864K, reserved 1056768K
  class space    used 454K, capacity 496K, committed 512K, reserved 1048576K
Event: 55.717 GC heap after
Heap after GC invocations=550 (full 0):
 PSYoungGen      total 192000K, used 64K [0x000000076b800000, 0x00000007a7a80000, 0x00000007c0000000)
  eden space 191488K, 0% used [0x000000076b800000,0x000000076b800000,0x0000000777300000)
  from space 512K, 12% used [0x00000007a7a00000,0x00000007a7a10000,0x00000007a7a80000)
  to   space 512K, 0% used [0x00000007a7980000,0x00000007a7980000,0x00000007a7a00000)
 ParOldGen       total 173568K, used 4311K [0x00000006c2800000, 0x00000006cd180000, 0x000000076b800000)
  object space 173568K, 2% used [0x00000006c2800000,0x00000006c2c35f50,0x00000006cd180000)
 Metaspace       used 4235K, capacity 4800K, committed 4864K, reserved 1056768K
  class space    used 454K, capacity 496K, committed 512K, reserved 1048576K
}
Event: 55.802 GC heap before
{Heap before GC invocations=551 (full 0):
 PSYoungGen      total 192000K, used 191552K [0x000000076b800000, 0x00000007a7a80000, 0x00000007c0000000)
  eden space 191488K, 100% used [0x000000076b800000,0x0000000777300000,0x0000000777300000)
  from space 512K, 12% used [0x00000007a7a00000,0x00000007a7a10000,0x00000007a7a80000)
  to   space 512K, 0% used [0x00000007a7980000,0x00000007a7980000,0x00000007a7a00000)
 ParOldGen       total 173568K, used 4311K [0x00000006c2800000, 0x00000006cd180000, 0x000000076b800000)
  object space 173568K, 2% used [0x00000006c2800000,0x00000006c2c35f50,0x00000006cd180000)
 Metaspace       used 4235K, capacity 4800K, committed 4864K, reserved 1056768K
  class space    used 454K, capacity 496K, committed 512K, reserved 1048576K
Event: 55.803 GC heap after
Heap after GC invocations=551 (full 0):
 PSYoungGen      total 230400K, used 64K [0x000000076b800000, 0x00000007a7a80000, 0x00000007c0000000)
  eden space 229888K, 0% used [0x000000076b800000,0x000000076b800000,0x0000000779880000)
  from space 512K, 12% used [0x00000007a7980000,0x00000007a7990000,0x00000007a7a00000)
  to   space 512K, 0% used [0x00000007a7a00000,0x00000007a7a00000,0x00000007a7a80000)
 ParOldGen       total 173568K, used 4311K [0x00000006c2800000, 0x00000006cd180000, 0x000000076b800000)
  object space 173568K, 2% used [0x00000006c2800000,0x00000006c2c35f50,0x00000006cd180000)
 Metaspace       used 4235K, capacity 4800K, committed 4864K, reserved 1056768K
  class space    used 454K, capacity 496K, committed 512K, reserved 1048576K
}
Event: 55.904 GC heap before
{Heap before GC invocations=552 (full 0):
 PSYoungGen      total 230400K, used 229952K [0x000000076b800000, 0x00000007a7a80000, 0x00000007c0000000)
  eden space 229888K, 100% used [0x000000076b800000,0x0000000779880000,0x0000000779880000)
  from space 512K, 12% used [0x00000007a7980000,0x00000007a7990000,0x00000007a7a00000)
  to   space 512K, 0% used [0x00000007a7a00000,0x00000007a7a00000,0x00000007a7a80000)
 ParOldGen       total 173568K, used 4311K [0x00000006c2800000, 0x00000006cd180000, 0x000000076b800000)
  object space 173568K, 2% used [0x00000006c2800000,0x00000006c2c35f50,0x00000006cd180000)
 Metaspace       used 4235K, capacity 4800K, committed 4864K, reserved 1056768K
  class space    used 454K, capacity 496K, committed 512K, reserved 1048576K
Event: 55.904 GC heap after
Heap after GC invocations=552 (full 0):
 PSYoungGen      total 221696K, used 64K [0x000000076b800000, 0x00000007a7a80000, 0x00000007c0000000)
  eden space 221184K, 0% used [0x000000076b800000,0x000000076b800000,0x0000000779000000)
  from space 512K, 12% used [0x00000007a7a00000,0x00000007a7a10000,0x00000007a7a80000)
  to   space 512K, 0% used [0x00000007a7980000,0x00000007a7980000,0x00000007a7a00000)
 ParOldGen       total 173568K, used 4311K [0x00000006c2800000, 0x00000006cd180000, 0x000000076b800000)
  object space 173568K, 2% used [0x00000006c2800000,0x00000006c2c35f50,0x00000006cd180000)
 Metaspace       used 4235K, capacity 4800K, committed 4864K, reserved 1056768K
  class space    used 454K, capacity 496K, committed 512K, reserved 1048576K
}
Event: 56.000 GC heap before
{Heap before GC invocations=553 (full 0):
 PSYoungGen      total 221696K, used 221248K [0x000000076b800000, 0x00000007a7a80000, 0x00000007c0000000)
  eden space 221184K, 100% used [0x000000076b800000,0x0000000779000000,0x0000000779000000)
  from space 512K, 12% used [0x00000007a7a00000,0x00000007a7a10000,0x00000007a7a80000)
  to   space 512K, 0% used [0x00000007a7980000,0x00000007a7980000,0x00000007a7a00000)
 ParOldGen       total 173568K, used 4311K [0x00000006c2800000, 0x00000006cd180000, 0x000000076b800000)
  object space 173568K, 2% used [0x00000006c2800000,0x00000006c2c35f50,0x00000006cd180000)
 Metaspace       used 4235K, capacity 4800K, committed 4864K, reserved 1056768K
  class space    used 454K, capacity 496K, committed 512K, reserved 1048576K
Event: 56.001 GC heap after
Heap after GC invocations=553 (full 0):
 PSYoungGen      total 213504K, used 32K [0x000000076b800000, 0x00000007a7a80000, 0x00000007c0000000)
  eden space 212992K, 0% used [0x000000076b800000,0x000000076b800000,0x0000000778800000)
  from space 512K, 6% used [0x00000007a7980000,0x00000007a7988000,0x00000007a7a00000)
  to   space 512K, 0% used [0x00000007a7a00000,0x00000007a7a00000,0x00000007a7a80000)
 ParOldGen       total 173568K, used 4311K [0x00000006c2800000, 0x00000006cd180000, 0x000000076b800000)
  object space 173568K, 2% used [0x00000006c2800000,0x00000006c2c35f50,0x00000006cd180000)
 Metaspace       used 4235K, capacity 4800K, committed 4864K, reserved 1056768K
  class space    used 454K, capacity 496K, committed 512K, reserved 1048576K
}
Event: 56.094 GC heap before
{Heap before GC invocations=554 (full 0):
 PSYoungGen      total 213504K, used 213024K [0x000000076b800000, 0x00000007a7a80000, 0x00000007c0000000)
  eden space 212992K, 100% used [0x000000076b800000,0x0000000778800000,0x0000000778800000)
  from space 512K, 6% used [0x00000007a7980000,0x00000007a7988000,0x00000007a7a00000)
  to   space 512K, 0% used [0x00000007a7a00000,0x00000007a7a00000,0x00000007a7a80000)
 ParOldGen       total 173568K, used 4311K [0x00000006c2800000, 0x00000006cd180000, 0x000000076b800000)
  object space 173568K, 2% used [0x00000006c2800000,0x00000006c2c35f50,0x00000006cd180000)
 Metaspace       used 4235K, capacity 4800K, committed 4864K, reserved 1056768K
  class space    used 454K, capacity 496K, committed 512K, reserved 1048576K
Event: 56.094 GC heap after
Heap after GC invocations=554 (full 0):
 PSYoungGen      total 205824K, used 32K [0x000000076b800000, 0x00000007a7a80000, 0x00000007c0000000)
  eden space 205312K, 0% used [0x000000076b800000,0x000000076b800000,0x0000000778080000)
  from space 512K, 6% used [0x00000007a7a00000,0x00000007a7a08000,0x00000007a7a80000)
  to   space 512K, 0% used [0x00000007a7980000,0x00000007a7980000,0x00000007a7a00000)
 ParOldGen       total 173568K, used 4311K [0x00000006c2800000, 0x00000006cd180000, 0x000000076b800000)
  object space 173568K, 2% used [0x00000006c2800000,0x00000006c2c35f50,0x00000006cd180000)
 Metaspace       used 4235K, capacity 4800K, committed 4864K, reserved 1056768K
  class space    used 454K, capacity 496K, committed 512K, reserved 1048576K
}

